[debug] [2022-05-29T09:54:49.567Z] ----------------------------------------------------------------------
[debug] [2022-05-29T09:54:49.568Z] Command:       C:\Program Files\nodejs\node.exe C:\Users\Asus\AppData\Roaming\npm\node_modules\firebase-tools\lib\bin\firebase.js init
[debug] [2022-05-29T09:54:49.569Z] CLI Version:   11.0.1
[debug] [2022-05-29T09:54:49.569Z] Platform:      win32
[debug] [2022-05-29T09:54:49.569Z] Node Version:  v16.13.1
[debug] [2022-05-29T09:54:49.569Z] Time:          Sun May 29 2022 15:54:49 GMT+0600 (Bangladesh Standard Time)
[debug] [2022-05-29T09:54:49.569Z] ----------------------------------------------------------------------
[debug] 
[debug] [2022-05-29T09:54:49.619Z] > command requires scopes: ["email","openid","https://www.googleapis.com/auth/cloudplatformprojects.readonly","https://www.googleapis.com/auth/firebase","https://www.googleapis.com/auth/cloud-platform"]
[debug] [2022-05-29T09:54:49.619Z] > authorizing via signed-in user (suparnad806@gmail.com)
[info] 
     ######## #### ########  ######## ########     ###     ######  ########
     ##        ##  ##     ## ##       ##     ##  ##   ##  ##       ##
     ######    ##  ########  ######   ########  #########  ######  ######
     ##        ##  ##    ##  ##       ##     ## ##     ##       ## ##
     ##       #### ##     ## ######## ########  ##     ##  ######  ########

You're about to initialize a Firebase project in this directory:

  G:\Training and Courses\Projects\lastassignment\client

Before we get started, keep in mind:

  * You are initializing within an existing Firebase project directory

